<?xml version="1.0" encoding="utf-8"?><testsuites name="pytest tests"><testsuite name="pytest" errors="0" failures="0" skipped="0" tests="17" time="29.566" timestamp="2026-04-17T23:10:13.072862+00:00" hostname="agent-env-60f2b6e2-46df-4770-9529-3a6694e3cb06"><testcase classname="tests.test_league_features.TestLeagueFeatures" name="test_register_with_preferred_position_persists" time="1.829" /><testcase classname="tests.test_league_features.TestLeagueFeatures" name="test_register_without_preferred_position_defaults_to_none" time="0.351" /><testcase classname="tests.test_league_features.TestLeagueFeatures" name="test_auth_me_returns_new_league_fields" time="0.420" /><testcase classname="tests.test_league_features.TestLeagueFeatures" name="test_put_users_me_updates_preferred_position" time="0.448" /><testcase classname="tests.test_league_features.TestLeagueFeatures" name="test_post_matches_accepts_match_type_and_third_team_enabled" time="0.519" /><testcase classname="tests.test_league_features.TestLeagueFeatures" name="test_post_matches_defaults_to_friendly_and_no_third_team" time="0.109" /><testcase classname="tests.test_league_features.TestLeagueFeatures" name="test_get_match_returns_match_type_and_third_team_enabled" time="0.176" /><testcase classname="tests.test_league_features.TestLeagueFeatures" name="test_generate_lineup_with_third_team_enabled_produces_team_c" time="3.453" /><testcase classname="tests.test_league_features.TestLeagueFeatures" name="test_generate_lineup_without_third_team_produces_empty_team_c" time="2.195" /><testcase classname="tests.test_league_features.TestLeagueFeatures" name="test_record_result_league_match_awards_league_points_winner_3_loser_0" time="1.728" /><testcase classname="tests.test_league_features.TestLeagueFeatures" name="test_record_result_league_match_draw_awards_1_point_each" time="2.485" /><testcase classname="tests.test_league_features.TestLeagueFeatures" name="test_record_result_friendly_match_does_not_award_league_points" time="2.657" /><testcase classname="tests.test_league_features.TestLeagueFeatures" name="test_edit_league_match_result_reverts_prior_league_points" time="2.429" /><testcase classname="tests.test_league_features.TestLeagueFeatures" name="test_delete_league_match_reverts_league_points" time="2.889" /><testcase classname="tests.test_league_features.TestLeagueFeatures" name="test_record_result_3team_match_accepts_team_c_score" time="2.181" /><testcase classname="tests.test_league_features.TestLeagueFeatures" name="test_3team_match_increments_matches_played_for_all_3_teams" time="2.502" /><testcase classname="tests.test_league_features.TestLeagueFeatures" name="test_3team_league_match_does_not_award_league_points" time="3.109" /></testsuite></testsuites>