<?xml version="1.0" encoding="utf-8"?><testsuites name="pytest tests"><testsuite name="pytest" errors="0" failures="0" skipped="0" tests="24" time="14.309" timestamp="2026-04-17T22:45:29.207701+00:00" hostname="agent-env-60f2b6e2-46df-4770-9529-3a6694e3cb06"><testcase classname="tests.test_auth.TestAuth" name="test_register_creates_user_returns_token_and_user" time="0.430" /><testcase classname="tests.test_auth.TestAuth" name="test_login_with_admin_returns_admin_role" time="0.341" /><testcase classname="tests.test_auth.TestAuth" name="test_login_with_invalid_credentials_returns_401" time="0.324" /><testcase classname="tests.test_auth.TestAuth" name="test_get_me_with_bearer_token_returns_user" time="0.438" /><testcase classname="tests.test_auth.TestAuth" name="test_get_me_without_token_returns_401" time="0.126" /><testcase classname="tests.test_auth.TestAuth" name="test_get_me_with_invalid_token_returns_401" time="0.108" /><testcase classname="tests.test_config.TestConfig" name="test_get_config_public_no_auth_required" time="0.122" /><testcase classname="tests.test_config.TestConfig" name="test_put_config_admin_only_updates_club_name_and_logo" time="0.205" /><testcase classname="tests.test_config.TestConfig" name="test_put_config_non_admin_returns_403" time="0.413" /><testcase classname="tests.test_matches.TestMatches" name="test_post_matches_creates_match_any_authenticated_user" time="0.379" /><testcase classname="tests.test_matches.TestMatches" name="test_get_matches_lists_matches" time="0.169" /><testcase classname="tests.test_matches.TestMatches" name="test_get_match_by_id_returns_match_with_votes_array" time="0.534" /><testcase classname="tests.test_matches.TestMatches" name="test_post_match_vote_stores_and_overwrites_previous_vote" time="0.586" /><testcase classname="tests.test_matches.TestMatches" name="test_generate_lineup_editor_only_snake_draft_by_rating" time="2.955" /><testcase classname="tests.test_matches.TestMatches" name="test_generate_lineup_non_editor_returns_403" time="0.458" /><testcase classname="tests.test_matches.TestMatches" name="test_record_result_editor_only_updates_stats_and_rating" time="1.717" /><testcase classname="tests.test_matches.TestMatches" name="test_record_result_editing_reverts_prior_stats" time="1.092" /><testcase classname="tests.test_matches.TestMatches" name="test_record_result_non_editor_returns_403" time="0.438" /><testcase classname="tests.test_matches.TestMatches" name="test_delete_match_editor_only_reverts_stats" time="1.091" /><testcase classname="tests.test_matches.TestMatches" name="test_delete_match_non_editor_returns_403" time="0.464" /><testcase classname="tests.test_users.TestUsers" name="test_get_users_lists_users_sorted_by_rating_desc" time="0.158" /><testcase classname="tests.test_users.TestUsers" name="test_put_users_me_updates_name_shirt_number_profile_picture" time="0.435" /><testcase classname="tests.test_users.TestUsers" name="test_post_users_grant_edit_admin_only_toggles_can_edit_matches" time="0.513" /><testcase classname="tests.test_users.TestUsers" name="test_non_admin_cannot_grant_edit_access_403" time="0.700" /></testsuite></testsuites>