<?xml version="1.0" encoding="utf-8"?><testsuites name="pytest tests"><testsuite name="pytest" errors="0" failures="1" skipped="0" tests="94" time="121.295" timestamp="2026-04-18T00:18:51.203653+00:00" hostname="agent-env-60f2b6e2-46df-4770-9529-3a6694e3cb06"><testcase classname="tests.test_auth.TestAuth" name="test_register_creates_user_returns_token_and_user" time="0.501" /><testcase classname="tests.test_auth.TestAuth" name="test_login_with_admin_returns_admin_role" time="0.328" /><testcase classname="tests.test_auth.TestAuth" name="test_login_with_invalid_credentials_returns_401" time="0.347" /><testcase classname="tests.test_auth.TestAuth" name="test_get_me_with_bearer_token_returns_user" time="0.468" /><testcase classname="tests.test_auth.TestAuth" name="test_get_me_without_token_returns_401" time="0.111" /><testcase classname="tests.test_auth.TestAuth" name="test_get_me_with_invalid_token_returns_401" time="0.108" /><testcase classname="tests.test_auth.TestAuth" name="test_forgot_password_with_existing_email_returns_dev_code" time="0.626" /><testcase classname="tests.test_auth.TestAuth" name="test_forgot_password_with_unknown_email_returns_null_code" time="0.134" /><testcase classname="tests.test_auth.TestAuth" name="test_reset_password_with_correct_code_succeeds" time="1.091" /><testcase classname="tests.test_auth.TestAuth" name="test_reset_password_old_password_fails_new_password_works" time="1.657" /><testcase classname="tests.test_auth.TestAuth" name="test_reset_password_with_wrong_code_returns_400" time="0.888" /><testcase classname="tests.test_auth.TestAuth" name="test_reset_password_with_used_code_returns_400" time="1.210" /><testcase classname="tests.test_auth.TestAuth" name="test_reset_password_without_forgot_request_returns_400" time="0.387" /><testcase classname="tests.test_auth.TestAuth" name="test_reset_password_validates_password_length" time="0.655" /><testcase classname="tests.test_auth.TestAuth" name="test_new_forgot_password_deletes_prior_tokens" time="1.744" /><testcase classname="tests.test_config.TestConfig" name="test_get_config_public_no_auth_required" time="0.128" /><testcase classname="tests.test_config.TestConfig" name="test_put_config_admin_only_updates_club_name_and_logo" time="0.245" /><testcase classname="tests.test_config.TestConfig" name="test_put_config_non_admin_returns_403" time="0.378" /><testcase classname="tests.test_iteration5_timer_lineup.TestIteration5DurationMinutes" name="test_post_matches_with_duration_minutes_persists_and_returns" time="0.170" /><testcase classname="tests.test_iteration5_timer_lineup.TestIteration5DurationMinutes" name="test_post_matches_duration_minutes_default_60_when_omitted" time="0.121" /><testcase classname="tests.test_iteration5_timer_lineup.TestIteration5DurationMinutes" name="test_post_matches_duration_minutes_min_boundary_10" time="0.120" /><testcase classname="tests.test_iteration5_timer_lineup.TestIteration5DurationMinutes" name="test_post_matches_duration_minutes_max_boundary_180" time="0.110" /><testcase classname="tests.test_iteration5_timer_lineup.TestIteration5DurationMinutes" name="test_post_matches_duration_minutes_below_10_returns_422" time="0.143" /><testcase classname="tests.test_iteration5_timer_lineup.TestIteration5DurationMinutes" name="test_post_matches_duration_minutes_above_180_returns_422" time="0.121" /><testcase classname="tests.test_iteration5_timer_lineup.TestIteration5TimerFields" name="test_get_match_returns_timer_fields_null_initially" time="0.229" /><testcase classname="tests.test_iteration5_timer_lineup.TestIteration5TimerStart" name="test_timer_start_editor_sets_timer_started_at_and_clears_ended_at" time="0.227" /><testcase classname="tests.test_iteration5_timer_lineup.TestIteration5TimerStart" name="test_timer_start_non_editor_returns_403" time="0.475" /><testcase classname="tests.test_iteration5_timer_lineup.TestIteration5TimerStop" name="test_timer_stop_editor_sets_timer_ended_at_preserves_started_at" time="0.335" /><testcase classname="tests.test_iteration5_timer_lineup.TestIteration5TimerStop" name="test_timer_stop_non_editor_returns_403" time="0.440" /><testcase classname="tests.test_iteration5_timer_lineup.TestIteration5TimerReset" name="test_timer_reset_editor_clears_both_timer_fields" time="0.384" /><testcase classname="tests.test_iteration5_timer_lineup.TestIteration5TimerReset" name="test_timer_reset_non_editor_returns_403" time="0.454" /><testcase classname="tests.test_iteration5_timer_lineup.TestIteration5LineupOverride" name="test_lineup_override_editor_accepts_team_arrays_and_rehydrates" time="2.418" /><testcase classname="tests.test_iteration5_timer_lineup.TestIteration5LineupOverride" name="test_lineup_override_sets_status_scheduled_if_voting" time="0.223" /><testcase classname="tests.test_iteration5_timer_lineup.TestIteration5LineupOverride" name="test_lineup_override_rejects_duplicate_user_in_multiple_teams" time="0.774" /><testcase classname="tests.test_iteration5_timer_lineup.TestIteration5LineupOverride" name="test_lineup_override_rejects_team_a_exceeds_team_size" time="1.288" /><testcase classname="tests.test_iteration5_timer_lineup.TestIteration5LineupOverride" name="test_lineup_override_rejects_team_b_exceeds_team_size" time="1.261" /><testcase classname="tests.test_iteration5_timer_lineup.TestIteration5LineupOverride" name="test_lineup_override_team_c_with_players_auto_sets_third_team_enabled" time="2.722" /><testcase classname="tests.test_iteration5_timer_lineup.TestIteration5LineupOverride" name="test_lineup_override_with_empty_arrays_works" time="0.186" /><testcase classname="tests.test_iteration5_timer_lineup.TestIteration5LineupOverride" name="test_lineup_override_non_editor_returns_403" time="0.459" /><testcase classname="tests.test_iteration6_guest_players.TestIteration6GuestPlayersLineup" name="test_lineup_accepts_mixed_user_ids_and_guest_objects" time="1.053" /><testcase classname="tests.test_iteration6_guest_players.TestIteration6GuestPlayersLineup" name="test_guests_get_synthetic_ids_with_guest_prefix" time="0.189" /><testcase classname="tests.test_iteration6_guest_players.TestIteration6GuestPlayersLineup" name="test_guests_have_is_guest_true_vote_guest_rating_zero" time="0.184" /><testcase classname="tests.test_iteration6_guest_players.TestIteration6GuestPlayersLineup" name="test_registered_user_without_vote_hydrated_correctly" time="0.440" /><testcase classname="tests.test_iteration6_guest_players.TestIteration6GuestPlayersLineup" name="test_registered_user_with_vote_preserves_original_vote" time="0.488" /><testcase classname="tests.test_iteration6_guest_players.TestIteration6GuestPlayersMatchResult" name="test_match_result_with_guests_only_updates_real_user_stats" time="1.250" /><testcase classname="tests.test_iteration6_guest_players.TestIteration6GuestPlayersMatchResult" name="test_editing_match_result_with_guests_reverts_real_users_only" time="1.074" /><testcase classname="tests.test_iteration6_guest_players.TestIteration6GuestPlayersMatchResult" name="test_delete_match_with_guests_reverts_real_users_stats" time="1.265" /><testcase classname="tests.test_iteration6_guest_players.TestIteration6GuestPlayersLeague" name="test_league_match_with_guests_awards_points_to_real_users_only" time="1.153" /><testcase classname="tests.test_iteration6_guest_players.TestIteration6GuestPlayersValidation" name="test_duplicate_registered_users_rejected_guests_allowed" time="0.515" /><testcase classname="tests.test_iteration6_guest_players.TestIteration6GuestPlayersValidation" name="test_team_size_caps_enforced_with_mixed_entries" time="0.793" /><testcase classname="tests.test_iteration6_guest_players.TestIteration6GuestPlayersValidation" name="test_guest_name_validation" time="0.300" /><testcase classname="tests.test_iteration6_guest_players.TestIteration6GuestPlayersValidation" name="test_guest_shirt_number_validation" time="0.330" /><testcase classname="tests.test_league_features.TestLeagueFeatures" name="test_register_with_preferred_position_persists" time="1.712" /><testcase classname="tests.test_league_features.TestLeagueFeatures" name="test_register_without_preferred_position_defaults_to_none" time="0.342" /><testcase classname="tests.test_league_features.TestLeagueFeatures" name="test_auth_me_returns_new_league_fields" time="0.383" /><testcase classname="tests.test_league_features.TestLeagueFeatures" name="test_put_users_me_updates_preferred_position" time="0.448" /><testcase classname="tests.test_league_features.TestLeagueFeatures" name="test_post_matches_accepts_match_type_and_third_team_enabled" time="0.200" /><testcase classname="tests.test_league_features.TestLeagueFeatures" name="test_post_matches_defaults_to_friendly_and_no_third_team" time="0.132" /><testcase classname="tests.test_league_features.TestLeagueFeatures" name="test_get_match_returns_match_type_and_third_team_enabled" time="0.161" /><testcase classname="tests.test_league_features.TestLeagueFeatures" name="test_generate_lineup_with_third_team_enabled_produces_team_c" time="3.517" /><testcase classname="tests.test_league_features.TestLeagueFeatures" name="test_generate_lineup_without_third_team_produces_empty_team_c" time="2.114" /><testcase classname="tests.test_league_features.TestLeagueFeatures" name="test_record_result_league_match_awards_league_points_winner_3_loser_0" time="1.883" /><testcase classname="tests.test_league_features.TestLeagueFeatures" name="test_record_result_league_match_draw_awards_1_point_each" time="2.484" /><testcase classname="tests.test_league_features.TestLeagueFeatures" name="test_record_result_friendly_match_does_not_award_league_points" time="2.903" /><testcase classname="tests.test_league_features.TestLeagueFeatures" name="test_edit_league_match_result_reverts_prior_league_points" time="2.442" /><testcase classname="tests.test_league_features.TestLeagueFeatures" name="test_delete_league_match_reverts_league_points" time="2.686" /><testcase classname="tests.test_league_features.TestLeagueFeatures" name="test_record_result_3team_match_accepts_team_c_score" time="2.248" /><testcase classname="tests.test_league_features.TestLeagueFeatures" name="test_3team_match_increments_matches_played_for_all_3_teams" time="2.513" /><testcase classname="tests.test_league_features.TestLeagueFeatures" name="test_3team_league_match_does_not_award_league_points" time="2.862" /><testcase classname="tests.test_lineup_algorithm.TestLineupAlgorithm" name="test_lineup_balances_positions_across_teams" time="4.036" /><testcase classname="tests.test_lineup_algorithm.TestLineupAlgorithm" name="test_auto_enable_3rd_team_friendly_match_with_3x_team_size_yes_voters" time="5.169" /><testcase classname="tests.test_lineup_algorithm.TestLineupAlgorithm" name="test_league_match_stays_2_teams_even_with_3x_team_size_yes_voters" time="5.200" /><testcase classname="tests.test_lineup_algorithm.TestLineupAlgorithm" name="test_auto_3rd_team_persists_third_team_enabled_on_match_document" time="4.662" /><testcase classname="tests.test_lineup_algorithm.TestLineupAlgorithm" name="test_league_match_does_not_flip_third_team_enabled_with_many_yes_voters" time="7.239" /><testcase classname="tests.test_lineup_algorithm.TestLineupAlgorithm" name="test_rating_balance_across_teams_within_20_percent" time="3.530" /><testcase classname="tests.test_lineup_algorithm.TestLineupAlgorithm" name="test_explicit_reserve_vote_always_lands_in_reserves" time="4.177" /><testcase classname="tests.test_lineup_algorithm.TestLineupAlgorithm" name="test_overflow_yes_voters_go_to_reserves" time="5.877" /><testcase classname="tests.test_lineup_algorithm.TestLineupAlgorithm" name="test_lineup_generation_is_idempotent" time="2.903" /><testcase classname="tests.test_lineup_algorithm.TestLineupAlgorithm" name="test_result_recording_on_auto_3rd_team_match_accepts_team_c_score" time="4.889" /><testcase classname="tests.test_matches.TestMatches" name="test_post_matches_creates_match_any_authenticated_user" time="0.526" /><testcase classname="tests.test_matches.TestMatches" name="test_get_matches_lists_matches" time="0.257" /><testcase classname="tests.test_matches.TestMatches" name="test_get_match_by_id_returns_match_with_votes_array" time="0.185"><failure message="assert 400 == 200&#10; +  where 400 = &lt;Response [400]&gt;.status_code">tests/test_matches.py:80: in test_get_match_by_id_returns_match_with_votes_array
    assert register_response.status_code == 200
E   assert 400 == 200
E    +  where 400 = &lt;Response [400]&gt;.status_code</failure></testcase><testcase classname="tests.test_matches.TestMatches" name="test_post_match_vote_stores_and_overwrites_previous_vote" time="0.574" /><testcase classname="tests.test_matches.TestMatches" name="test_generate_lineup_editor_only_snake_draft_by_rating" time="2.970" /><testcase classname="tests.test_matches.TestMatches" name="test_generate_lineup_non_editor_returns_403" time="0.447" /><testcase classname="tests.test_matches.TestMatches" name="test_record_result_editor_only_updates_stats_and_rating" time="1.775" /><testcase classname="tests.test_matches.TestMatches" name="test_record_result_editing_reverts_prior_stats" time="1.067" /><testcase classname="tests.test_matches.TestMatches" name="test_record_result_non_editor_returns_403" time="0.456" /><testcase classname="tests.test_matches.TestMatches" name="test_delete_match_editor_only_reverts_stats" time="1.106" /><testcase classname="tests.test_matches.TestMatches" name="test_delete_match_non_editor_returns_403" time="0.444" /><testcase classname="tests.test_users.TestUsers" name="test_get_users_lists_users_sorted_by_rating_desc" time="0.266" /><testcase classname="tests.test_users.TestUsers" name="test_put_users_me_updates_name_shirt_number_profile_picture" time="0.431" /><testcase classname="tests.test_users.TestUsers" name="test_post_users_grant_edit_admin_only_toggles_can_edit_matches" time="0.485" /><testcase classname="tests.test_users.TestUsers" name="test_non_admin_cannot_grant_edit_access_403" time="0.685" /></testsuite></testsuites>