<?xml version="1.0" encoding="utf-8"?><testsuites name="pytest tests"><testsuite name="pytest" errors="0" failures="0" skipped="0" tests="15" time="10.556" timestamp="2026-04-17T23:29:53.756078+00:00" hostname="agent-env-60f2b6e2-46df-4770-9529-3a6694e3cb06"><testcase classname="backend.tests.test_auth.TestAuth" name="test_register_creates_user_returns_token_and_user" time="0.521" /><testcase classname="backend.tests.test_auth.TestAuth" name="test_login_with_admin_returns_admin_role" time="0.365" /><testcase classname="backend.tests.test_auth.TestAuth" name="test_login_with_invalid_credentials_returns_401" time="0.358" /><testcase classname="backend.tests.test_auth.TestAuth" name="test_get_me_with_bearer_token_returns_user" time="0.502" /><testcase classname="backend.tests.test_auth.TestAuth" name="test_get_me_without_token_returns_401" time="0.141" /><testcase classname="backend.tests.test_auth.TestAuth" name="test_get_me_with_invalid_token_returns_401" time="0.144" /><testcase classname="backend.tests.test_auth.TestAuth" name="test_forgot_password_with_existing_email_returns_dev_code" time="0.598" /><testcase classname="backend.tests.test_auth.TestAuth" name="test_forgot_password_with_unknown_email_returns_null_code" time="0.144" /><testcase classname="backend.tests.test_auth.TestAuth" name="test_reset_password_with_correct_code_succeeds" time="1.167" /><testcase classname="backend.tests.test_auth.TestAuth" name="test_reset_password_old_password_fails_new_password_works" time="1.653" /><testcase classname="backend.tests.test_auth.TestAuth" name="test_reset_password_with_wrong_code_returns_400" time="0.916" /><testcase classname="backend.tests.test_auth.TestAuth" name="test_reset_password_with_used_code_returns_400" time="1.186" /><testcase classname="backend.tests.test_auth.TestAuth" name="test_reset_password_without_forgot_request_returns_400" time="0.389" /><testcase classname="backend.tests.test_auth.TestAuth" name="test_reset_password_validates_password_length" time="0.675" /><testcase classname="backend.tests.test_auth.TestAuth" name="test_new_forgot_password_deletes_prior_tokens" time="1.731" /></testsuite></testsuites>