<?xml version="1.0" encoding="utf-8"?><testsuites name="pytest tests"><testsuite name="pytest" errors="0" failures="0" skipped="0" tests="60" time="98.718" timestamp="2026-04-17T23:51:55.195565+00:00" hostname="agent-env-60f2b6e2-46df-4770-9529-3a6694e3cb06"><testcase classname="tests.test_auth.TestAuth" name="test_register_creates_user_returns_token_and_user" time="0.448" /><testcase classname="tests.test_auth.TestAuth" name="test_login_with_admin_returns_admin_role" time="0.334" /><testcase classname="tests.test_auth.TestAuth" name="test_login_with_invalid_credentials_returns_401" time="0.329" /><testcase classname="tests.test_auth.TestAuth" name="test_get_me_with_bearer_token_returns_user" time="0.454" /><testcase classname="tests.test_auth.TestAuth" name="test_get_me_without_token_returns_401" time="0.097" /><testcase classname="tests.test_auth.TestAuth" name="test_get_me_with_invalid_token_returns_401" time="0.110" /><testcase classname="tests.test_auth.TestAuth" name="test_forgot_password_with_existing_email_returns_dev_code" time="0.614" /><testcase classname="tests.test_auth.TestAuth" name="test_forgot_password_with_unknown_email_returns_null_code" time="0.111" /><testcase classname="tests.test_auth.TestAuth" name="test_reset_password_with_correct_code_succeeds" time="1.205" /><testcase classname="tests.test_auth.TestAuth" name="test_reset_password_old_password_fails_new_password_works" time="1.723" /><testcase classname="tests.test_auth.TestAuth" name="test_reset_password_with_wrong_code_returns_400" time="0.890" /><testcase classname="tests.test_auth.TestAuth" name="test_reset_password_with_used_code_returns_400" time="1.151" /><testcase classname="tests.test_auth.TestAuth" name="test_reset_password_without_forgot_request_returns_400" time="0.405" /><testcase classname="tests.test_auth.TestAuth" name="test_reset_password_validates_password_length" time="0.652" /><testcase classname="tests.test_auth.TestAuth" name="test_new_forgot_password_deletes_prior_tokens" time="1.681" /><testcase classname="tests.test_config.TestConfig" name="test_get_config_public_no_auth_required" time="0.109" /><testcase classname="tests.test_config.TestConfig" name="test_put_config_admin_only_updates_club_name_and_logo" time="0.207" /><testcase classname="tests.test_config.TestConfig" name="test_put_config_non_admin_returns_403" time="0.400" /><testcase classname="tests.test_league_features.TestLeagueFeatures" name="test_register_with_preferred_position_persists" time="1.716" /><testcase classname="tests.test_league_features.TestLeagueFeatures" name="test_register_without_preferred_position_defaults_to_none" time="0.340" /><testcase classname="tests.test_league_features.TestLeagueFeatures" name="test_auth_me_returns_new_league_fields" time="0.378" /><testcase classname="tests.test_league_features.TestLeagueFeatures" name="test_put_users_me_updates_preferred_position" time="0.455" /><testcase classname="tests.test_league_features.TestLeagueFeatures" name="test_post_matches_accepts_match_type_and_third_team_enabled" time="0.188" /><testcase classname="tests.test_league_features.TestLeagueFeatures" name="test_post_matches_defaults_to_friendly_and_no_third_team" time="0.130" /><testcase classname="tests.test_league_features.TestLeagueFeatures" name="test_get_match_returns_match_type_and_third_team_enabled" time="0.176" /><testcase classname="tests.test_league_features.TestLeagueFeatures" name="test_generate_lineup_with_third_team_enabled_produces_team_c" time="3.511" /><testcase classname="tests.test_league_features.TestLeagueFeatures" name="test_generate_lineup_without_third_team_produces_empty_team_c" time="2.158" /><testcase classname="tests.test_league_features.TestLeagueFeatures" name="test_record_result_league_match_awards_league_points_winner_3_loser_0" time="1.728" /><testcase classname="tests.test_league_features.TestLeagueFeatures" name="test_record_result_league_match_draw_awards_1_point_each" time="2.605" /><testcase classname="tests.test_league_features.TestLeagueFeatures" name="test_record_result_friendly_match_does_not_award_league_points" time="2.527" /><testcase classname="tests.test_league_features.TestLeagueFeatures" name="test_edit_league_match_result_reverts_prior_league_points" time="2.380" /><testcase classname="tests.test_league_features.TestLeagueFeatures" name="test_delete_league_match_reverts_league_points" time="2.635" /><testcase classname="tests.test_league_features.TestLeagueFeatures" name="test_record_result_3team_match_accepts_team_c_score" time="2.787" /><testcase classname="tests.test_league_features.TestLeagueFeatures" name="test_3team_match_increments_matches_played_for_all_3_teams" time="2.665" /><testcase classname="tests.test_league_features.TestLeagueFeatures" name="test_3team_league_match_does_not_award_league_points" time="2.646" /><testcase classname="tests.test_lineup_algorithm.TestLineupAlgorithm" name="test_lineup_balances_positions_across_teams" time="3.467" /><testcase classname="tests.test_lineup_algorithm.TestLineupAlgorithm" name="test_auto_enable_3rd_team_friendly_match_with_3x_team_size_yes_voters" time="5.298" /><testcase classname="tests.test_lineup_algorithm.TestLineupAlgorithm" name="test_league_match_stays_2_teams_even_with_3x_team_size_yes_voters" time="5.431" /><testcase classname="tests.test_lineup_algorithm.TestLineupAlgorithm" name="test_auto_3rd_team_persists_third_team_enabled_on_match_document" time="4.391" /><testcase classname="tests.test_lineup_algorithm.TestLineupAlgorithm" name="test_league_match_does_not_flip_third_team_enabled_with_many_yes_voters" time="6.715" /><testcase classname="tests.test_lineup_algorithm.TestLineupAlgorithm" name="test_rating_balance_across_teams_within_20_percent" time="3.566" /><testcase classname="tests.test_lineup_algorithm.TestLineupAlgorithm" name="test_explicit_reserve_vote_always_lands_in_reserves" time="4.070" /><testcase classname="tests.test_lineup_algorithm.TestLineupAlgorithm" name="test_overflow_yes_voters_go_to_reserves" time="5.782" /><testcase classname="tests.test_lineup_algorithm.TestLineupAlgorithm" name="test_lineup_generation_is_idempotent" time="2.946" /><testcase classname="tests.test_lineup_algorithm.TestLineupAlgorithm" name="test_result_recording_on_auto_3rd_team_match_accepts_team_c_score" time="5.081" /><testcase classname="tests.test_matches.TestMatches" name="test_post_matches_creates_match_any_authenticated_user" time="0.422" /><testcase classname="tests.test_matches.TestMatches" name="test_get_matches_lists_matches" time="0.240" /><testcase classname="tests.test_matches.TestMatches" name="test_get_match_by_id_returns_match_with_votes_array" time="0.497" /><testcase classname="tests.test_matches.TestMatches" name="test_post_match_vote_stores_and_overwrites_previous_vote" time="0.590" /><testcase classname="tests.test_matches.TestMatches" name="test_generate_lineup_editor_only_snake_draft_by_rating" time="2.878" /><testcase classname="tests.test_matches.TestMatches" name="test_generate_lineup_non_editor_returns_403" time="0.491" /><testcase classname="tests.test_matches.TestMatches" name="test_record_result_editor_only_updates_stats_and_rating" time="1.746" /><testcase classname="tests.test_matches.TestMatches" name="test_record_result_editing_reverts_prior_stats" time="1.118" /><testcase classname="tests.test_matches.TestMatches" name="test_record_result_non_editor_returns_403" time="0.439" /><testcase classname="tests.test_matches.TestMatches" name="test_delete_match_editor_only_reverts_stats" time="1.230" /><testcase classname="tests.test_matches.TestMatches" name="test_delete_match_non_editor_returns_403" time="0.485" /><testcase classname="tests.test_users.TestUsers" name="test_get_users_lists_users_sorted_by_rating_desc" time="0.233" /><testcase classname="tests.test_users.TestUsers" name="test_put_users_me_updates_name_shirt_number_profile_picture" time="0.435" /><testcase classname="tests.test_users.TestUsers" name="test_post_users_grant_edit_admin_only_toggles_can_edit_matches" time="0.481" /><testcase classname="tests.test_users.TestUsers" name="test_non_admin_cannot_grant_edit_access_403" time="0.645" /></testsuite></testsuites>